0 info it worked if it ends with ok
1 verbose cli [ 'node', '/usr/local/bin/npm', 'install', 'grunt' ]
2 info using npm@2.0.2
3 info using node@v0.11.9
4 verbose stack Error: Failed to parse json
4 verbose stack Unexpected end of input
4 verbose stack     at parseError (/usr/local/lib/node_modules/npm/node_modules/read-package-json/read-json.js:378:25)
4 verbose stack     at parseJson (/usr/local/lib/node_modules/npm/node_modules/read-package-json/read-json.js:85:51)
4 verbose stack     at /usr/local/lib/node_modules/npm/node_modules/read-package-json/read-json.js:59:33
4 verbose stack     at evalmachine.<anonymous>:258:14
4 verbose stack     at /usr/local/lib/node_modules/npm/node_modules/graceful-fs/graceful-fs.js:102:5
4 verbose stack     at Object.oncomplete (evalmachine.<anonymous>:97:15)
5 verbose cwd /home/erikroyall/git/erikroyall.github.com
6 error Linux 3.13.0-37-generic
7 error argv "node" "/usr/local/bin/npm" "install" "grunt"
8 error node v0.11.9
9 error npm  v2.0.2
10 error file /home/erikroyall/git/erikroyall.github.com/package.json
11 error code EJSONPARSE
12 error Failed to parse json
12 error Unexpected end of input
13 error File: /home/erikroyall/git/erikroyall.github.com/package.json
14 error Failed to parse package.json data.
14 error package.json must be actual JSON, not just JavaScript.
14 error
14 error This is not a bug in npm.
14 error Tell the package author to fix their package.json file. JSON.parse
15 verbose exit [ 1, true ]
